<?xml version="1.0" encoding="UTF-8"?>
<!-- Generated by org.testng.reporters.JUnitXMLReporter -->
<testsuite ignored="4" hostname="PRTM-nyijiati" failures="0" tests="7" name="RegressionTest" time="75.013" errors="0" timestamp="17 Aug 2019 18:40:05 GMT">
  <testcase classname="amazonTest.HeaderTest" name="AP_1001" time="12.13"/>
  <testcase classname="amazonTest.HeaderTest" name="AP_1002" time="5.328"/>
  <testcase classname="amazonTest.HeaderTest" name="AP_1004" time="15.08"/>
  <testcase classname="amazonTest.Product" name="AP_1010" time="5.005"/>
  <testcase classname="amazonTest.SearchTest" name="AP_1011" time="5.006"/>
  <testcase classname="amazonTest.SearchTest" name="AP_1012" time="5.006"/>
  <testcase classname="amazonTest.SignInTest" name="AP_1012" time="5.006"/>
  <testcase classname="amazonTest.HeaderTest" name="AP_1005" time="0.0">
    <ignored/>
  </testcase> <!-- AP_1005 -->
  <testcase classname="utilityLibrary.SetUpPage" name="@BeforeTest setUpTest" time="0.0">
    <ignored/>
  </testcase> <!-- @BeforeTest setUpTest -->
  <testcase classname="utilityLibrary.SetUpPage" name="@BeforeTest setUpTest" time="0.0">
    <ignored/>
  </testcase> <!-- @BeforeTest setUpTest -->
  <testcase classname="utilityLibrary.SetUpPage" name="@BeforeTest setUpTest" time="0.0">
    <ignored/>
  </testcase> <!-- @BeforeTest setUpTest -->
</testsuite> <!-- RegressionTest -->
