<?xml version="1.0" encoding="UTF-8"?>
<!-- Generated by org.testng.reporters.JUnitXMLReporter -->
<testsuite ignored="3" hostname="PRTM-nyijiati" failures="1" tests="1" name="testing" time="11.508" errors="0" timestamp="17 Aug 2019 03:03:06 GMT">
  <testcase classname="amazonTest.HeaderTest" name="AP_1001" time="8.688">
    <failure type="java.lang.NullPointerException">
      <![CDATA[java.lang.NullPointerException
at org.openqa.selenium.support.pagefactory.DefaultElementLocator.findElement(DefaultElementLocator.java:69)
at org.openqa.selenium.support.pagefactory.internal.LocatingElementHandler.invoke(LocatingElementHandler.java:38)
at com.sun.proxy.$Proxy11.getText(Unknown Source)
at utilityLibrary.Utility.getText(Utility.java:42)
at amazonPage.TodayDealPage.verifyTodayDealPage(TodayDealPage.java:27)
at amazonTest.HeaderTest.AP_1001(HeaderTest.java:18)
... Removed 25 stack frames]]>
    </failure>
  </testcase> <!-- AP_1001 -->
  <testcase classname="amazonTest.HeaderTest" name="AP_1002" time="0.0">
    <ignored/>
  </testcase> <!-- AP_1002 -->
  <testcase classname="amazonTest.HeaderTest" name="AP_1004" time="0.0">
    <ignored/>
  </testcase> <!-- AP_1004 -->
  <testcase classname="amazonTest.HeaderTest" name="AP_1005" time="0.0">
    <ignored/>
  </testcase> <!-- AP_1005 -->
</testsuite> <!-- testing -->
