<?xml version="1.0" encoding="UTF-8"?>
<!-- Generated by org.testng.reporters.JUnitXMLReporter -->
<testsuite ignored="4" hostname="PRTM-nyijiati" failures="0" tests="2" name="SanityTest" time="26.164" errors="0" timestamp="17 Aug 2019 15:22:57 GMT">
  <testcase classname="amazonTest.HeaderTest" name="AP_1004" time="14.69"/>
  <testcase classname="amazonTest.Product" name="AP_1010" time="5.003"/>
  <testcase classname="amazonTest.HeaderTest" name="AP_1002" time="0.0">
    <ignored/>
  </testcase> <!-- AP_1002 -->
  <testcase classname="amazonTest.HeaderTest" name="AP_1005" time="0.0">
    <ignored/>
  </testcase> <!-- AP_1005 -->
  <testcase classname="utilityLibrary.SetUpPage" name="@BeforeTest setUpTest" time="0.0">
    <ignored/>
  </testcase> <!-- @BeforeTest setUpTest -->
  <testcase classname="amazonTest.HeaderTest" name="AP_1001" time="0.0">
    <ignored/>
  </testcase> <!-- AP_1001 -->
</testsuite> <!-- SanityTest -->
