<?xml version="1.0" encoding="UTF-8"?>
<testng-results ignored="4" total="5" passed="1" failed="0" skipped="0">
  <reporter-output>
  </reporter-output>
  <suite started-at="2019-08-10T18:44:28Z" name="Default suite" finished-at="2019-08-10T18:44:34Z" duration-ms="5492">
    <groups>
    </groups>
    <test started-at="2019-08-10T18:44:28Z" name="Default test" finished-at="2019-08-10T18:44:34Z" duration-ms="5492">
      <class name="amazonProject.HeaderTest">
        <test-method is-config="true" signature="startTest()[pri:0, instance:amazonProject.HeaderTest@c0c2f8d]" started-at="2019-08-10T18:44:28Z" name="startTest" finished-at="2019-08-10T18:44:31Z" duration-ms="3184" status="PASS">
          <reporter-output>
          </reporter-output>
        </test-method> <!-- startTest -->
        <test-method signature="test()[pri:0, instance:amazonProject.HeaderTest@c0c2f8d]" started-at="2019-08-10T18:44:31Z" name="test" finished-at="2019-08-10T18:44:33Z" duration-ms="2011" status="PASS">
          <reporter-output>
          </reporter-output>
        </test-method> <!-- test -->
        <test-method is-config="true" signature="endTest()[pri:0, instance:amazonProject.HeaderTest@c0c2f8d]" started-at="2019-08-10T18:44:33Z" name="endTest" finished-at="2019-08-10T18:44:34Z" duration-ms="269" status="PASS">
          <reporter-output>
          </reporter-output>
        </test-method> <!-- endTest -->
      </class> <!-- amazonProject.HeaderTest -->
    </test> <!-- Default test -->
  </suite> <!-- Default suite -->
</testng-results>
